Using pre-set license
Built from '2020.3/staging' branch; Version is '2020.3.11f1 (99c7afb366b3) revision 10078127'; Using compiler version '192528614'; Build Type 'Release'
OS: 'Windows 10 Pro; OS build 22000.1574; Version 2009; 64bit' Language: 'en' Physical Memory: 16329 MB
BatchMode: 1, IsHumanControllingUs: 0, StartBugReporterOnCrash: 0, Is64bit: 1, IsPro: 0

 COMMAND LINE ARGUMENTS:
C:\Program Files\Unity\Hub\Editor\2020.3.11f1\Editor\Unity.exe
-adb2
-batchMode
-noUpm
-name
AssetImportWorker0
-projectPath
C:/Users/grisl/Pioneers
-logFile
Logs/AssetImportWorker0.log
-srvPort
63236
Successfully changed project path to: C:/Users/grisl/Pioneers
C:/Users/grisl/Pioneers
Using Asset Import Pipeline V2.
Refreshing native plugins compatible for Editor in 40.98 ms, found 3 plugins.
Preloading 0 native plugins for Editor in 0.00 ms.
Initialize engine version: 2020.3.11f1 (99c7afb366b3)
[Subsystems] Discovering subsystems at path C:/Program Files/Unity/Hub/Editor/2020.3.11f1/Editor/Data/Resources/UnitySubsystems
[Subsystems] Discovering subsystems at path C:/Users/grisl/Pioneers/Assets
GfxDevice: creating device client; threaded=0
Direct3D:
    Version:  Direct3D 11.0 [level 11.1]
    Renderer: Radeon RX 570 Series (ID=0x67df)
    Vendor:   
    VRAM:     8170 MB
    Driver:   30.0.15021.11005
Initialize mono
Mono path[0] = 'C:/Program Files/Unity/Hub/Editor/2020.3.11f1/Editor/Data/Managed'
Mono path[1] = 'C:/Program Files/Unity/Hub/Editor/2020.3.11f1/Editor/Data/MonoBleedingEdge/lib/mono/unityjit'
Mono config path = 'C:/Program Files/Unity/Hub/Editor/2020.3.11f1/Editor/Data/MonoBleedingEdge/etc'
Using monoOptions --debugger-agent=transport=dt_socket,embedding=1,server=y,suspend=n,address=127.0.0.1:56240
Begin MonoManager ReloadAssembly
Registering precompiled unity dll's ...
Register platform support module: C:/Program Files/Unity/Hub/Editor/2020.3.11f1/Editor/Data/PlaybackEngines/WebGLSupport/UnityEditor.WebGL.Extensions.dll
Register platform support module: C:/Program Files/Unity/Hub/Editor/2020.3.11f1/Editor/Data/PlaybackEngines/WindowsStandaloneSupport/UnityEditor.WindowsStandalone.Extensions.dll
Registered in 0.001812 seconds.
Native extension for WindowsStandalone target not found
Native extension for WebGL target not found
Refreshing native plugins compatible for Editor in 37.14 ms, found 3 plugins.
Preloading 0 native plugins for Editor in 0.00 ms.
Mono: successfully reloaded assembly
- Completed reload, in  1.321 seconds
Platform modules already initialized, skipping
Registering precompiled user dll's ...
Registered in 0.003783 seconds.
Begin MonoManager ReloadAssembly
Native extension for WindowsStandalone target not found
Native extension for WebGL target not found
Refreshing native plugins compatible for Editor in 37.17 ms, found 3 plugins.
Preloading 0 native plugins for Editor in 0.00 ms.
Mono: successfully reloaded assembly
- Completed reload, in  1.103 seconds
Platform modules already initialized, skipping
========================================================================
Worker process is ready to serve import requests
Launched and connected shader compiler UnityShaderCompiler.exe after 0.04 seconds
Refreshing native plugins compatible for Editor in 0.53 ms, found 3 plugins.
Preloading 0 native plugins for Editor in 0.00 ms.
Unloading 2111 Unused Serialized files (Serialized files now loaded: 0)
System memory in use before: 95.7 MB.
System memory in use after: 95.6 MB.

Unloading 33 unused Assets to reduce memory usage. Loaded Objects now: 2546.
Total: 2.214400 ms (FindLiveObjects: 0.176300 ms CreateObjectMapping: 0.078500 ms MarkObjects: 1.807800 ms  DeleteObjects: 0.151100 ms)

========================================================================
Received Import Request.
  path: Assets/Art/Units/unit_sharpshooter.png
  artifactKey: Guid(12a93afcc2e84114a91f608b8b70c6d3) Importer(815301076,1909f56bfc062723c751e8b465ee728b)
Start importing Assets/Art/Units/unit_sharpshooter.png using Guid(12a93afcc2e84114a91f608b8b70c6d3) Importer(815301076,1909f56bfc062723c751e8b465ee728b)  -> (artifact id: '142ef761c40663ad3d3fe3a42de4453b') in 0.118910 seconds
  Import took 0.121941 seconds .

========================================================================
Received Import Request.
  Time since last request: 4.070463 seconds.
  path: Assets/Units/FieldMedic.asset
  artifactKey: Guid(6ad6dc85fd6be43459ab1fe684ea7caf) Importer(815301076,1909f56bfc062723c751e8b465ee728b)
Start importing Assets/Units/FieldMedic.asset using Guid(6ad6dc85fd6be43459ab1fe684ea7caf) Importer(815301076,1909f56bfc062723c751e8b465ee728b)  -> (artifact id: 'a5305943df28589ecc1c2d64233b2fa7') in 0.011015 seconds
  Import took 0.014890 seconds .

========================================================================
Received Prepare
Registering precompiled user dll's ...
Registered in 0.003622 seconds.
Begin MonoManager ReloadAssembly
Native extension for WindowsStandalone target not found
Native extension for WebGL target not found
Refreshing native plugins compatible for Editor in 0.51 ms, found 3 plugins.
Preloading 0 native plugins for Editor in 0.00 ms.
Mono: successfully reloaded assembly
- Completed reload, in  1.035 seconds
Platform modules already initialized, skipping
Refreshing native plugins compatible for Editor in 0.45 ms, found 3 plugins.
Preloading 0 native plugins for Editor in 0.00 ms.
Unloading 2093 Unused Serialized files (Serialized files now loaded: 0)
System memory in use before: 97.3 MB.
System memory in use after: 97.3 MB.

Unloading 21 unused Assets to reduce memory usage. Loaded Objects now: 2556.
Total: 2.532300 ms (FindLiveObjects: 0.231300 ms CreateObjectMapping: 0.275800 ms MarkObjects: 1.922100 ms  DeleteObjects: 0.101100 ms)

========================================================================
Received Prepare
Registering precompiled user dll's ...
Registered in 0.003609 seconds.
Begin MonoManager ReloadAssembly
Native extension for WindowsStandalone target not found
Native extension for WebGL target not found
Refreshing native plugins compatible for Editor in 0.44 ms, found 3 plugins.
Preloading 0 native plugins for Editor in 0.00 ms.
Mono: successfully reloaded assembly
- Completed reload, in  0.980 seconds
Platform modules already initialized, skipping
Refreshing native plugins compatible for Editor in 0.40 ms, found 3 plugins.
Preloading 0 native plugins for Editor in 0.00 ms.
Unloading 2093 Unused Serialized files (Serialized files now loaded: 0)
System memory in use before: 97.3 MB.
System memory in use after: 97.3 MB.

Unloading 21 unused Assets to reduce memory usage. Loaded Objects now: 2560.
Total: 2.336900 ms (FindLiveObjects: 0.244500 ms CreateObjectMapping: 0.077600 ms MarkObjects: 1.885600 ms  DeleteObjects: 0.128400 ms)

========================================================================
Received Prepare
Registering precompiled user dll's ...
Registered in 0.422522 seconds.
Begin MonoManager ReloadAssembly
Native extension for WindowsStandalone target not found
Native extension for WebGL target not found
Refreshing native plugins compatible for Editor in 0.66 ms, found 3 plugins.
Preloading 0 native plugins for Editor in 0.00 ms.
Mono: successfully reloaded assembly
- Completed reload, in  1.117 seconds
Platform modules already initialized, skipping
Refreshing native plugins compatible for Editor in 0.40 ms, found 3 plugins.
Preloading 0 native plugins for Editor in 0.00 ms.
Unloading 2092 Unused Serialized files (Serialized files now loaded: 0)
System memory in use before: 97.3 MB.
System memory in use after: 97.3 MB.

Unloading 22 unused Assets to reduce memory usage. Loaded Objects now: 2563.
Total: 2.348400 ms (FindLiveObjects: 0.242100 ms CreateObjectMapping: 0.088900 ms MarkObjects: 1.910800 ms  DeleteObjects: 0.105500 ms)

========================================================================
Received Import Request.
  Time since last request: 4146.926888 seconds.
  path: Assets/Art/background_turnIndicator.png
  artifactKey: Guid(a777791b4ec39d04c8e285be1f9cab9b) Importer(815301076,1909f56bfc062723c751e8b465ee728b)
Start importing Assets/Art/background_turnIndicator.png using Guid(a777791b4ec39d04c8e285be1f9cab9b) Importer(815301076,1909f56bfc062723c751e8b465ee728b)  -> (artifact id: 'cf25344cb0d56d9b65beff94b687e19e') in 0.083640 seconds
  Import took 0.088622 seconds .

========================================================================
Received Import Request.
  Time since last request: 78.545905 seconds.
  path: Assets/Art/background_turnIndicator.png
  artifactKey: Guid(a777791b4ec39d04c8e285be1f9cab9b) Importer(815301076,1909f56bfc062723c751e8b465ee728b)
Start importing Assets/Art/background_turnIndicator.png using Guid(a777791b4ec39d04c8e285be1f9cab9b) Importer(815301076,1909f56bfc062723c751e8b465ee728b)  -> (artifact id: '3aa8468e0ff960da5c7d7b23f0ab4e51') in 0.016295 seconds
  Import took 0.022051 seconds .

========================================================================
Received Import Request.
  Time since last request: 169.773056 seconds.
  path: Assets/Scripts/Army/UI Scripts/TurnIndicatorUI.cs
  artifactKey: Guid(d6ddb482c5bccbc4a92bbb5e112cea13) Importer(815301076,1909f56bfc062723c751e8b465ee728b)
Start importing Assets/Scripts/Army/UI Scripts/TurnIndicatorUI.cs using Guid(d6ddb482c5bccbc4a92bbb5e112cea13) Importer(815301076,1909f56bfc062723c751e8b465ee728b)  -> (artifact id: '2b9731e3038a3570bdf3ab9285116184') in 0.032896 seconds
  Import took 0.038340 seconds .

========================================================================
Received Import Request.
  Time since last request: 0.000790 seconds.
  path: Assets/Scripts/Army/UI Scripts/TurnIndicatorUI.cs
  artifactKey: Guid(d6ddb482c5bccbc4a92bbb5e112cea13) Importer(815301076,1909f56bfc062723c751e8b465ee728b)
Start importing Assets/Scripts/Army/UI Scripts/TurnIndicatorUI.cs using Guid(d6ddb482c5bccbc4a92bbb5e112cea13) Importer(815301076,1909f56bfc062723c751e8b465ee728b)  -> (artifact id: '2b9731e3038a3570bdf3ab9285116184') in 0.009946 seconds
  Import took 0.017702 seconds .

========================================================================
Received Prepare
Registering precompiled user dll's ...
Registered in 0.003505 seconds.
Begin MonoManager ReloadAssembly
Native extension for WindowsStandalone target not found
Native extension for WebGL target not found
Refreshing native plugins compatible for Editor in 0.73 ms, found 3 plugins.
Preloading 0 native plugins for Editor in 0.00 ms.
Mono: successfully reloaded assembly
- Completed reload, in  1.178 seconds
Platform modules already initialized, skipping
Refreshing native plugins compatible for Editor in 0.61 ms, found 3 plugins.
Preloading 0 native plugins for Editor in 0.00 ms.
Unloading 2093 Unused Serialized files (Serialized files now loaded: 0)
System memory in use before: 97.4 MB.
System memory in use after: 97.4 MB.

Unloading 21 unused Assets to reduce memory usage. Loaded Objects now: 2573.
Total: 2.282200 ms (FindLiveObjects: 0.215900 ms CreateObjectMapping: 0.097400 ms MarkObjects: 1.845000 ms  DeleteObjects: 0.122600 ms)

========================================================================
Received Prepare
Registering precompiled user dll's ...
Registered in 0.003902 seconds.
Begin MonoManager ReloadAssembly
Native extension for WindowsStandalone target not found
Native extension for WebGL target not found
Refreshing native plugins compatible for Editor in 0.43 ms, found 3 plugins.
Preloading 0 native plugins for Editor in 0.00 ms.
Mono: successfully reloaded assembly
- Completed reload, in  1.167 seconds
Platform modules already initialized, skipping
Refreshing native plugins compatible for Editor in 0.41 ms, found 3 plugins.
Preloading 0 native plugins for Editor in 0.00 ms.
Unloading 2093 Unused Serialized files (Serialized files now loaded: 0)
System memory in use before: 97.4 MB.
System memory in use after: 97.4 MB.

Unloading 21 unused Assets to reduce memory usage. Loaded Objects now: 2577.
Total: 3.886900 ms (FindLiveObjects: 1.035100 ms CreateObjectMapping: 0.411600 ms MarkObjects: 2.288400 ms  DeleteObjects: 0.150500 ms)

========================================================================
Received Import Request.
  Time since last request: 161.722005 seconds.
  path: Assets/Scripts/Army/UI Scripts/TurnIndicatorUI.cs
  artifactKey: Guid(d6ddb482c5bccbc4a92bbb5e112cea13) Importer(815301076,1909f56bfc062723c751e8b465ee728b)
Start importing Assets/Scripts/Army/UI Scripts/TurnIndicatorUI.cs using Guid(d6ddb482c5bccbc4a92bbb5e112cea13) Importer(815301076,1909f56bfc062723c751e8b465ee728b)  -> (artifact id: '755f3fb638d3714dfbf4e817b4652d54') in 0.007504 seconds
  Import took 0.013962 seconds .

========================================================================
Received Prepare
Registering precompiled user dll's ...
Registered in 0.005590 seconds.
Begin MonoManager ReloadAssembly
Native extension for WindowsStandalone target not found
Native extension for WebGL target not found
Refreshing native plugins compatible for Editor in 0.44 ms, found 3 plugins.
Preloading 0 native plugins for Editor in 0.00 ms.
Mono: successfully reloaded assembly
- Completed reload, in  1.298 seconds
Platform modules already initialized, skipping
Refreshing native plugins compatible for Editor in 2.21 ms, found 3 plugins.
Preloading 0 native plugins for Editor in 0.00 ms.
Unloading 2093 Unused Serialized files (Serialized files now loaded: 0)
System memory in use before: 97.4 MB.
System memory in use after: 97.4 MB.

Unloading 21 unused Assets to reduce memory usage. Loaded Objects now: 2581.
Total: 2.616300 ms (FindLiveObjects: 0.222000 ms CreateObjectMapping: 0.087400 ms MarkObjects: 1.985000 ms  DeleteObjects: 0.321000 ms)

========================================================================
Received Prepare
Registering precompiled user dll's ...
Registered in 0.004015 seconds.
Begin MonoManager ReloadAssembly
Native extension for WindowsStandalone target not found
Native extension for WebGL target not found
Refreshing native plugins compatible for Editor in 0.52 ms, found 3 plugins.
Preloading 0 native plugins for Editor in 0.00 ms.
Mono: successfully reloaded assembly
- Completed reload, in  1.148 seconds
Platform modules already initialized, skipping
Refreshing native plugins compatible for Editor in 0.40 ms, found 3 plugins.
Preloading 0 native plugins for Editor in 0.00 ms.
Unloading 2093 Unused Serialized files (Serialized files now loaded: 0)
System memory in use before: 97.4 MB.
System memory in use after: 97.4 MB.

Unloading 21 unused Assets to reduce memory usage. Loaded Objects now: 2585.
Total: 2.325300 ms (FindLiveObjects: 0.182700 ms CreateObjectMapping: 0.075600 ms MarkObjects: 1.926500 ms  DeleteObjects: 0.139700 ms)

========================================================================
Received Prepare
Registering precompiled user dll's ...
Registered in 0.003496 seconds.
Begin MonoManager ReloadAssembly
Native extension for WindowsStandalone target not found
Native extension for WebGL target not found
Refreshing native plugins compatible for Editor in 0.41 ms, found 3 plugins.
Preloading 0 native plugins for Editor in 0.00 ms.
Mono: successfully reloaded assembly
- Completed reload, in  1.102 seconds
Platform modules already initialized, skipping
Refreshing native plugins compatible for Editor in 0.59 ms, found 3 plugins.
Preloading 0 native plugins for Editor in 0.00 ms.
Unloading 2093 Unused Serialized files (Serialized files now loaded: 0)
System memory in use before: 97.4 MB.
System memory in use after: 97.4 MB.

Unloading 21 unused Assets to reduce memory usage. Loaded Objects now: 2589.
Total: 2.853400 ms (FindLiveObjects: 0.503600 ms CreateObjectMapping: 0.260400 ms MarkObjects: 1.942600 ms  DeleteObjects: 0.145800 ms)

========================================================================
Received Prepare
Registering precompiled user dll's ...
Registered in 0.004538 seconds.
Begin MonoManager ReloadAssembly
Native extension for WindowsStandalone target not found
Native extension for WebGL target not found
Refreshing native plugins compatible for Editor in 0.41 ms, found 3 plugins.
Preloading 0 native plugins for Editor in 0.00 ms.
Mono: successfully reloaded assembly
- Completed reload, in  1.297 seconds
Platform modules already initialized, skipping
Refreshing native plugins compatible for Editor in 0.41 ms, found 3 plugins.
Preloading 0 native plugins for Editor in 0.00 ms.
Unloading 2093 Unused Serialized files (Serialized files now loaded: 0)
System memory in use before: 97.4 MB.
System memory in use after: 97.4 MB.

Unloading 21 unused Assets to reduce memory usage. Loaded Objects now: 2593.
Total: 2.074600 ms (FindLiveObjects: 0.180000 ms CreateObjectMapping: 0.075000 ms MarkObjects: 1.683800 ms  DeleteObjects: 0.134900 ms)

========================================================================
Received Prepare
Registering precompiled user dll's ...
Registered in 0.004179 seconds.
Begin MonoManager ReloadAssembly
Native extension for WindowsStandalone target not found
Native extension for WebGL target not found
Refreshing native plugins compatible for Editor in 0.41 ms, found 3 plugins.
Preloading 0 native plugins for Editor in 0.00 ms.
Mono: successfully reloaded assembly
- Completed reload, in  1.245 seconds
Platform modules already initialized, skipping
Refreshing native plugins compatible for Editor in 0.46 ms, found 3 plugins.
Preloading 0 native plugins for Editor in 0.00 ms.
Unloading 2093 Unused Serialized files (Serialized files now loaded: 0)
System memory in use before: 97.4 MB.
System memory in use after: 97.4 MB.

Unloading 21 unused Assets to reduce memory usage. Loaded Objects now: 2597.
Total: 2.430000 ms (FindLiveObjects: 0.180900 ms CreateObjectMapping: 0.073300 ms MarkObjects: 1.912200 ms  DeleteObjects: 0.261500 ms)

========================================================================
Received Import Request.
  Time since last request: 1970.251934 seconds.
  path: Assets/Art/background_nextTurnBtn.png
  artifactKey: Guid(b594e70f140920242b62fb5ce4a1815a) Importer(815301076,1909f56bfc062723c751e8b465ee728b)
Start importing Assets/Art/background_nextTurnBtn.png using Guid(b594e70f140920242b62fb5ce4a1815a) Importer(815301076,1909f56bfc062723c751e8b465ee728b)  -> (artifact id: '7e2ef1168038b1fe30add64c370e91fa') in 0.099842 seconds
  Import took 0.104991 seconds .

========================================================================
Received Import Request.
  Time since last request: 83.288525 seconds.
  path: Assets/Art/background_nextTurnBtn.png
  artifactKey: Guid(b594e70f140920242b62fb5ce4a1815a) Importer(815301076,1909f56bfc062723c751e8b465ee728b)
Start importing Assets/Art/background_nextTurnBtn.png using Guid(b594e70f140920242b62fb5ce4a1815a) Importer(815301076,1909f56bfc062723c751e8b465ee728b)  -> (artifact id: '5ef68a672a238630fb85ccbcb279f398') in 0.023180 seconds
  Import took 0.026688 seconds .

========================================================================
Received Prepare
Registering precompiled user dll's ...
Registered in 0.004040 seconds.
Begin MonoManager ReloadAssembly
Native extension for WindowsStandalone target not found
Native extension for WebGL target not found
Refreshing native plugins compatible for Editor in 0.43 ms, found 3 plugins.
Preloading 0 native plugins for Editor in 0.00 ms.
Mono: successfully reloaded assembly
- Completed reload, in  1.144 seconds
Platform modules already initialized, skipping
Refreshing native plugins compatible for Editor in 0.60 ms, found 3 plugins.
Preloading 0 native plugins for Editor in 0.00 ms.
Unloading 2093 Unused Serialized files (Serialized files now loaded: 0)
System memory in use before: 97.5 MB.
System memory in use after: 97.4 MB.

Unloading 21 unused Assets to reduce memory usage. Loaded Objects now: 2602.
Total: 2.233300 ms (FindLiveObjects: 0.199400 ms CreateObjectMapping: 0.088900 ms MarkObjects: 1.830500 ms  DeleteObjects: 0.113300 ms)

========================================================================
Received Prepare
Registering precompiled user dll's ...
Registered in 0.005050 seconds.
Begin MonoManager ReloadAssembly
Native extension for WindowsStandalone target not found
Native extension for WebGL target not found
Refreshing native plugins compatible for Editor in 0.63 ms, found 3 plugins.
Preloading 0 native plugins for Editor in 0.00 ms.
Mono: successfully reloaded assembly
- Completed reload, in  1.694 seconds
Platform modules already initialized, skipping
Refreshing native plugins compatible for Editor in 0.48 ms, found 3 plugins.
Preloading 0 native plugins for Editor in 0.00 ms.
Unloading 2093 Unused Serialized files (Serialized files now loaded: 0)
System memory in use before: 97.5 MB.
System memory in use after: 97.4 MB.

Unloading 21 unused Assets to reduce memory usage. Loaded Objects now: 2606.
Total: 2.653300 ms (FindLiveObjects: 0.206100 ms CreateObjectMapping: 0.096300 ms MarkObjects: 2.236000 ms  DeleteObjects: 0.113700 ms)

========================================================================
Received Prepare
Registering precompiled user dll's ...
Registered in 0.003871 seconds.
Begin MonoManager ReloadAssembly
Native extension for WindowsStandalone target not found
Native extension for WebGL target not found
Refreshing native plugins compatible for Editor in 0.71 ms, found 3 plugins.
Preloading 0 native plugins for Editor in 0.00 ms.
Mono: successfully reloaded assembly
- Completed reload, in  1.005 seconds
Platform modules already initialized, skipping
Refreshing native plugins compatible for Editor in 0.52 ms, found 3 plugins.
Preloading 0 native plugins for Editor in 0.00 ms.
Unloading 2093 Unused Serialized files (Serialized files now loaded: 0)
System memory in use before: 97.5 MB.
System memory in use after: 97.5 MB.

Unloading 21 unused Assets to reduce memory usage. Loaded Objects now: 2610.
Total: 2.304100 ms (FindLiveObjects: 0.183400 ms CreateObjectMapping: 0.075000 ms MarkObjects: 1.903000 ms  DeleteObjects: 0.141900 ms)

========================================================================
Received Import Request.
  Time since last request: 3849.103367 seconds.
  path: Assets/Units/Sharpshooter.asset
  artifactKey: Guid(03075bb137eb2b8498ae5836071ddee2) Importer(815301076,1909f56bfc062723c751e8b465ee728b)
Start importing Assets/Units/Sharpshooter.asset using Guid(03075bb137eb2b8498ae5836071ddee2) Importer(815301076,1909f56bfc062723c751e8b465ee728b)  -> (artifact id: '203a0035eb61c0d993f5ad118829d48a') in 0.021004 seconds
  Import took 0.027924 seconds .

========================================================================
Received Import Request.
  Time since last request: 78.034722 seconds.
  path: Assets/Units/New Unit.asset
  artifactKey: Guid(ab08a1f487ef9b34bab6507e681068c2) Importer(815301076,1909f56bfc062723c751e8b465ee728b)
Start importing Assets/Units/New Unit.asset using Guid(ab08a1f487ef9b34bab6507e681068c2) Importer(815301076,1909f56bfc062723c751e8b465ee728b)  -> (artifact id: 'ce850c80d22569d9b94300c7f9520dca') in 0.011397 seconds
  Import took 0.016527 seconds .

========================================================================
Received Import Request.
  Time since last request: 0.007592 seconds.
  path: Assets/Units/New Unit.asset
  artifactKey: Guid(ab08a1f487ef9b34bab6507e681068c2) Importer(815301076,1909f56bfc062723c751e8b465ee728b)
Start importing Assets/Units/New Unit.asset using Guid(ab08a1f487ef9b34bab6507e681068c2) Importer(815301076,1909f56bfc062723c751e8b465ee728b)  -> (artifact id: 'ce850c80d22569d9b94300c7f9520dca') in 0.007080 seconds
  Import took 0.012635 seconds .

========================================================================
Received Import Request.
  Time since last request: 121.844587 seconds.
  path: Assets/Units/CastleWalls.asset
  artifactKey: Guid(ab08a1f487ef9b34bab6507e681068c2) Importer(815301076,1909f56bfc062723c751e8b465ee728b)
Start importing Assets/Units/CastleWalls.asset using Guid(ab08a1f487ef9b34bab6507e681068c2) Importer(815301076,1909f56bfc062723c751e8b465ee728b)  -> (artifact id: 'a6b32fdd4339bfb1bf1cfe5396481329') in 0.012190 seconds
  Import took 0.016423 seconds .

========================================================================
Received Prepare
Registering precompiled user dll's ...
Registered in 0.010418 seconds.
Begin MonoManager ReloadAssembly
Native extension for WindowsStandalone target not found
Native extension for WebGL target not found
Refreshing native plugins compatible for Editor in 0.47 ms, found 3 plugins.
Preloading 0 native plugins for Editor in 0.00 ms.
Mono: successfully reloaded assembly
- Completed reload, in  1.255 seconds
Platform modules already initialized, skipping
Refreshing native plugins compatible for Editor in 0.63 ms, found 3 plugins.
Preloading 0 native plugins for Editor in 0.00 ms.
Unloading 2093 Unused Serialized files (Serialized files now loaded: 0)
System memory in use before: 97.5 MB.
System memory in use after: 97.5 MB.

Unloading 21 unused Assets to reduce memory usage. Loaded Objects now: 2614.
Total: 2.150900 ms (FindLiveObjects: 0.192000 ms CreateObjectMapping: 0.081600 ms MarkObjects: 1.737600 ms  DeleteObjects: 0.138500 ms)

========================================================================
Received Prepare
Registering precompiled user dll's ...
Registered in 0.006471 seconds.
Begin MonoManager ReloadAssembly
Native extension for WindowsStandalone target not found
Native extension for WebGL target not found
Refreshing native plugins compatible for Editor in 0.46 ms, found 3 plugins.
Preloading 0 native plugins for Editor in 0.00 ms.
Mono: successfully reloaded assembly
- Completed reload, in  1.136 seconds
Platform modules already initialized, skipping
Refreshing native plugins compatible for Editor in 0.55 ms, found 3 plugins.
Preloading 0 native plugins for Editor in 0.00 ms.
Unloading 2093 Unused Serialized files (Serialized files now loaded: 0)
System memory in use before: 97.5 MB.
System memory in use after: 97.5 MB.

Unloading 21 unused Assets to reduce memory usage. Loaded Objects now: 2618.
Total: 2.349200 ms (FindLiveObjects: 0.199300 ms CreateObjectMapping: 0.084000 ms MarkObjects: 1.891200 ms  DeleteObjects: 0.173800 ms)

========================================================================
Received Prepare
Registering precompiled user dll's ...
Registered in 0.004019 seconds.
Begin MonoManager ReloadAssembly
Native extension for WindowsStandalone target not found
Native extension for WebGL target not found
Refreshing native plugins compatible for Editor in 0.49 ms, found 3 plugins.
Preloading 0 native plugins for Editor in 0.00 ms.
Mono: successfully reloaded assembly
- Completed reload, in  1.164 seconds
Platform modules already initialized, skipping
Refreshing native plugins compatible for Editor in 0.47 ms, found 3 plugins.
Preloading 0 native plugins for Editor in 0.00 ms.
Unloading 2093 Unused Serialized files (Serialized files now loaded: 0)
System memory in use before: 97.5 MB.
System memory in use after: 97.5 MB.

Unloading 21 unused Assets to reduce memory usage. Loaded Objects now: 2622.
Total: 2.212000 ms (FindLiveObjects: 0.220700 ms CreateObjectMapping: 0.094300 ms MarkObjects: 1.784200 ms  DeleteObjects: 0.111500 ms)

========================================================================
Received Prepare
Registering precompiled user dll's ...
Registered in 0.004261 seconds.
Begin MonoManager ReloadAssembly
Native extension for WindowsStandalone target not found
Native extension for WebGL target not found
Refreshing native plugins compatible for Editor in 0.47 ms, found 3 plugins.
Preloading 0 native plugins for Editor in 0.00 ms.
Mono: successfully reloaded assembly
- Completed reload, in  1.252 seconds
Platform modules already initialized, skipping
Refreshing native plugins compatible for Editor in 0.44 ms, found 3 plugins.
Preloading 0 native plugins for Editor in 0.00 ms.
Unloading 2093 Unused Serialized files (Serialized files now loaded: 0)
System memory in use before: 97.5 MB.
System memory in use after: 97.5 MB.

Unloading 21 unused Assets to reduce memory usage. Loaded Objects now: 2626.
Total: 2.426400 ms (FindLiveObjects: 0.204800 ms CreateObjectMapping: 0.093600 ms MarkObjects: 1.985500 ms  DeleteObjects: 0.141500 ms)

========================================================================
Received Prepare
Registering precompiled user dll's ...
Registered in 0.004021 seconds.
Begin MonoManager ReloadAssembly
Native extension for WindowsStandalone target not found
Native extension for WebGL target not found
Refreshing native plugins compatible for Editor in 0.45 ms, found 3 plugins.
Preloading 0 native plugins for Editor in 0.00 ms.
Mono: successfully reloaded assembly
- Completed reload, in  1.168 seconds
Platform modules already initialized, skipping
Refreshing native plugins compatible for Editor in 0.43 ms, found 3 plugins.
Preloading 0 native plugins for Editor in 0.00 ms.
Unloading 2093 Unused Serialized files (Serialized files now loaded: 0)
System memory in use before: 97.5 MB.
System memory in use after: 97.5 MB.

Unloading 21 unused Assets to reduce memory usage. Loaded Objects now: 2630.
Total: 2.274600 ms (FindLiveObjects: 0.217300 ms CreateObjectMapping: 0.092800 ms MarkObjects: 1.853500 ms  DeleteObjects: 0.109500 ms)

========================================================================
Received Prepare
Registering precompiled user dll's ...
Registered in 0.004925 seconds.
Begin MonoManager ReloadAssembly
Native extension for WindowsStandalone target not found
Native extension for WebGL target not found
Refreshing native plugins compatible for Editor in 0.55 ms, found 3 plugins.
Preloading 0 native plugins for Editor in 0.00 ms.
Mono: successfully reloaded assembly
- Completed reload, in  1.232 seconds
Platform modules already initialized, skipping
Refreshing native plugins compatible for Editor in 0.45 ms, found 3 plugins.
Preloading 0 native plugins for Editor in 0.00 ms.
Unloading 2093 Unused Serialized files (Serialized files now loaded: 0)
System memory in use before: 97.5 MB.
System memory in use after: 97.5 MB.

Unloading 21 unused Assets to reduce memory usage. Loaded Objects now: 2634.
Total: 3.346600 ms (FindLiveObjects: 0.192600 ms CreateObjectMapping: 0.151100 ms MarkObjects: 2.876400 ms  DeleteObjects: 0.125300 ms)

========================================================================
Received Prepare
Registering precompiled user dll's ...
Registered in 0.004062 seconds.
Begin MonoManager ReloadAssembly
Native extension for WindowsStandalone target not found
Native extension for WebGL target not found
Refreshing native plugins compatible for Editor in 0.46 ms, found 3 plugins.
Preloading 0 native plugins for Editor in 0.00 ms.
Mono: successfully reloaded assembly
- Completed reload, in  1.270 seconds
Platform modules already initialized, skipping
Refreshing native plugins compatible for Editor in 0.49 ms, found 3 plugins.
Preloading 0 native plugins for Editor in 0.00 ms.
Unloading 2093 Unused Serialized files (Serialized files now loaded: 0)
System memory in use before: 97.5 MB.
System memory in use after: 97.5 MB.

Unloading 21 unused Assets to reduce memory usage. Loaded Objects now: 2638.
Total: 2.391300 ms (FindLiveObjects: 0.225800 ms CreateObjectMapping: 0.094000 ms MarkObjects: 1.947600 ms  DeleteObjects: 0.122700 ms)

========================================================================
Received Import Request.
  Time since last request: 3442.098203 seconds.
  path: Assets/Art/UnitCard/skill_multipleDamageAgainstStructures.png
  artifactKey: Guid(bba0a814e1457fb4696a8df19dc64a48) Importer(815301076,1909f56bfc062723c751e8b465ee728b)
Start importing Assets/Art/UnitCard/skill_multipleDamageAgainstStructures.png using Guid(bba0a814e1457fb4696a8df19dc64a48) Importer(815301076,1909f56bfc062723c751e8b465ee728b)  -> (artifact id: 'c58b6cb41b92dacfb9fe7dfbe9c94018') in 0.077127 seconds
  Import took 0.081982 seconds .

========================================================================
Received Import Request.
  Time since last request: 94.579975 seconds.
  path: Assets/Art/UnitCard/skill_multipleDamageAgainstStructures.png
  artifactKey: Guid(bba0a814e1457fb4696a8df19dc64a48) Importer(815301076,1909f56bfc062723c751e8b465ee728b)
Start importing Assets/Art/UnitCard/skill_multipleDamageAgainstStructures.png using Guid(bba0a814e1457fb4696a8df19dc64a48) Importer(815301076,1909f56bfc062723c751e8b465ee728b)  -> (artifact id: '3fbe0f930ab0f627642b4ed859f38da7') in 0.020567 seconds
  Import took 0.026541 seconds .

========================================================================
Received Prepare
Registering precompiled user dll's ...
Registered in 0.004960 seconds.
Begin MonoManager ReloadAssembly
Native extension for WindowsStandalone target not found
Native extension for WebGL target not found
Refreshing native plugins compatible for Editor in 0.81 ms, found 3 plugins.
Preloading 0 native plugins for Editor in 0.00 ms.
Mono: successfully reloaded assembly
- Completed reload, in  1.215 seconds
Platform modules already initialized, skipping
Refreshing native plugins compatible for Editor in 0.41 ms, found 3 plugins.
Preloading 0 native plugins for Editor in 0.00 ms.
Unloading 2093 Unused Serialized files (Serialized files now loaded: 0)
System memory in use before: 97.6 MB.
System memory in use after: 97.5 MB.

Unloading 21 unused Assets to reduce memory usage. Loaded Objects now: 2643.
Total: 2.448000 ms (FindLiveObjects: 0.194000 ms CreateObjectMapping: 0.081500 ms MarkObjects: 2.060000 ms  DeleteObjects: 0.110900 ms)

AssetImportWorkerClient::OnTransportError - code=2 error=End of file
